#
# There is insufficient memory for the Java Runtime Environment to continue.
# Native memory allocation (malloc) failed to allocate 32744 bytes for ChunkPool::allocate
# Possible reasons:
#   The system is out of physical RAM or swap space
#   In 32 bit mode, the process size limit was hit
# Possible solutions:
#   Reduce memory load on the system
#   Increase physical memory or swap space
#   Check if swap backing store is full
#   Use 64 bit Java on a 64 bit OS
#   Decrease Java heap size (-Xmx/-Xms)
#   Decrease number of Java threads
#   Decrease Java thread stack sizes (-Xss)
#   Set larger code cache with -XX:ReservedCodeCacheSize=
# This output file may be truncated or incomplete.
#
#  Out of Memory Error (allocation.cpp:273), pid=3872, tid=2004
#
# JRE version: Java(TM) SE Runtime Environment (8.0_73-b02) (build 1.8.0_73-b02)
# Java VM: Java HotSpot(TM) 64-Bit Server VM (25.73-b02 mixed mode windows-amd64 compressed oops)
# Failed to write core dump. Minidumps are not enabled by default on client versions of Windows
#

---------------  T H R E A D  ---------------

Current thread (0x0000000016e9d000):  JavaThread "C1 CompilerThread2" daemon [_thread_in_native, id=2004, stack(0x00000000185a0000,0x00000000186a0000)]

Stack: [0x00000000185a0000,0x00000000186a0000]
[error occurred during error reporting (printing stack bounds), id 0xc0000005]

Native frames: (J=compiled Java code, j=interpreted, Vv=VM code, C=native code)


Current CompileTask:
C1:  18918  884   !   3       java.awt.DefaultKeyboardFocusManager::dispatchEvent (1589 bytes)


---------------  P R O C E S S  ---------------

Java Threads: ( => current thread )
  0x00000000027d1000 JavaThread "DestroyJavaVM" [_thread_blocked, id=11268, stack(0x00000000026d0000,0x00000000027d0000)]
  0x0000000018a6b800 JavaThread "AWT-EventQueue-0" [_thread_blocked, id=1012, stack(0x0000000019b10000,0x0000000019c10000)]
  0x0000000018a12800 JavaThread "AWT-Windows" daemon [_thread_in_native, id=11936, stack(0x0000000018fb0000,0x00000000190b0000)]
  0x0000000018a11800 JavaThread "AWT-Shutdown" [_thread_blocked, id=11596, stack(0x0000000018eb0000,0x0000000018fb0000)]
  0x0000000018a59800 JavaThread "Java2D Disposer" daemon [_thread_blocked, id=11736, stack(0x0000000018d80000,0x0000000018e80000)]
  0x00000000186be000 JavaThread "Service Thread" daemon [_thread_blocked, id=984, stack(0x0000000018aa0000,0x0000000018ba0000)]
=>0x0000000016e9d000 JavaThread "C1 CompilerThread2" daemon [_thread_in_native, id=2004, stack(0x00000000185a0000,0x00000000186a0000)]
  0x0000000016e5e000 JavaThread "C2 CompilerThread1" daemon [_thread_blocked, id=11980, stack(0x00000000184a0000,0x00000000185a0000)]
  0x0000000016e3c800 JavaThread "C2 CompilerThread0" daemon [_thread_blocked, id=10756, stack(0x00000000183a0000,0x00000000184a0000)]
  0x0000000016e3a000 JavaThread "Attach Listener" daemon [_thread_blocked, id=11316, stack(0x00000000182a0000,0x00000000183a0000)]
  0x0000000016e39000 JavaThread "Signal Dispatcher" daemon [_thread_blocked, id=11864, stack(0x00000000181a0000,0x00000000182a0000)]
  0x00000000028c5800 JavaThread "Finalizer" daemon [_thread_blocked, id=4244, stack(0x00000000180a0000,0x00000000181a0000)]
  0x0000000016e09000 JavaThread "Reference Handler" daemon [_thread_blocked, id=10384, stack(0x0000000017fa0000,0x00000000180a0000)]

Other Threads:
  0x0000000016e07800 VMThread [stack: 0x0000000017ea0000,0x0000000017fa0000] [id=11568]
  0x00000000186c1800 WatcherThread [stack: 0x0000000018ba0000,0x0000000018ca0000] [id=9224]

VM state:not at safepoint (normal execution)

VM Mutex/Monitor currently owned by a thread: None

Heap:
 PSYoungGen      total 35328K, used 17708K [0x00000000d9300000, 0x00000000dba00000, 0x0000000100000000)
  eden space 30720K, 42% used [0x00000000d9300000,0x00000000d9fd2ae8,0x00000000db100000)
  from space 4608K, 99% used [0x00000000db100000,0x00000000db578530,0x00000000db580000)
  to   space 4608K, 0% used [0x00000000db580000,0x00000000db580000,0x00000000dba00000)
 ParOldGen       total 80896K, used 8753K [0x000000008b800000, 0x0000000090700000, 0x00000000d9300000)
  object space 80896K, 10% used [0x000000008b800000,0x000000008c08c528,0x0000000090700000)
 Metaspace       used 11650K, capacity 11854K, committed 12032K, reserved 1060864K
  class space    used 1413K, capacity 1479K, committed 1536K, reserved 1048576K

Card table byte_map: [0x0000000011c90000,0x0000000012040000] byte_map_base: 0x0000000011834000

Marking Bits: (ParMarkBitMap*) 0x0000000075600600
 Begin Bits: [0x00000000126b0000, 0x00000000143d0000)
 End Bits:   [0x00000000143d0000, 0x00000000160f0000)

Polling page: 0x0000000000a50000

CodeCache: size=245760Kb used=3001Kb max_used=3001Kb free=242758Kb
 bounds [0x00000000028d0000, 0x0000000002bc0000, 0x00000000118d0000]
 total_blobs=1552 nmethods=883 adapters=583
 compilation: enabled

Compilation events (10 events):
Event: 18.754 Thread 0x0000000016e9d000 nmethod 879 0x0000000002bbb110 code [0x0000000002bbb2a0, 0x0000000002bbb8b8]
Event: 18.755 Thread 0x0000000016e9d000  881       3       java.util.concurrent.locks.AbstractQueuedSynchronizer$ConditionObject::await (98 bytes)
Event: 18.760 Thread 0x0000000016e9d000 nmethod 881 0x0000000002bbba50 code [0x0000000002bbbd00, 0x0000000002bbcf08]
Event: 18.760 Thread 0x0000000016e9d000  880   !   3       sun.awt.AWTAutoShutdown::notifyThreadFree (74 bytes)
Event: 18.762 Thread 0x0000000016e9d000 nmethod 880 0x0000000002bbd750 code [0x0000000002bbd900, 0x0000000002bbdfe8]
Event: 18.765 Thread 0x0000000016e9d000  882   !   3       sun.awt.AWTAutoShutdown::getPeer (43 bytes)
Event: 18.767 Thread 0x0000000016e9d000 nmethod 882 0x0000000002bbe310 code [0x0000000002bbe4a0, 0x0000000002bbea08]
Event: 18.853 Thread 0x0000000016e9d000  883   !   3       sun.awt.GlobalCursorManager$NativeUpdater::run (43 bytes)
Event: 18.855 Thread 0x0000000016e9d000 nmethod 883 0x0000000002bbec50 code [0x0000000002bbedc0, 0x0000000002bbf1e8]
Event: 18.855 Thread 0x0000000016e9d000  884   !   3       java.awt.DefaultKeyboardFocusManager::dispatchEvent (1589 bytes)

GC Heap History (2 events):
Event: 5.383 GC heap before
{Heap before GC invocations=1 (full 0):
 PSYoungGen      total 35328K, used 28934K [0x00000000d9300000, 0x00000000dba00000, 0x0000000100000000)
  eden space 30720K, 94% used [0x00000000d9300000,0x00000000daf419e0,0x00000000db100000)
  from space 4608K, 0% used [0x00000000db580000,0x00000000db580000,0x00000000dba00000)
  to   space 4608K, 0% used [0x00000000db100000,0x00000000db100000,0x00000000db580000)
 ParOldGen       total 80896K, used 0K [0x000000008b800000, 0x0000000090700000, 0x00000000d9300000)
  object space 80896K, 0% used [0x000000008b800000,0x000000008b800000,0x0000000090700000)
 Metaspace       used 11472K, capacity 11658K, committed 11776K, reserved 1058816K
  class space    used 1410K, capacity 1479K, committed 1536K, reserved 1048576K
Event: 5.419 GC heap after
Heap after GC invocations=1 (full 0):
 PSYoungGen      total 35328K, used 4577K [0x00000000d9300000, 0x00000000dba00000, 0x0000000100000000)
  eden space 30720K, 0% used [0x00000000d9300000,0x00000000d9300000,0x00000000db100000)
  from space 4608K, 99% used [0x00000000db100000,0x00000000db578530,0x00000000db580000)
  to   space 4608K, 0% used [0x00000000db580000,0x00000000db580000,0x00000000dba00000)
 ParOldGen       total 80896K, used 8753K [0x000000008b800000, 0x0000000090700000, 0x00000000d9300000)
  object space 80896K, 10% used [0x000000008b800000,0x000000008c08c528,0x0000000090700000)
 Metaspace       used 11472K, capacity 11658K, committed 11776K, reserved 1058816K
  class space    used 1410K, capacity 1479K, committed 1536K, reserved 1048576K
}

Deoptimization events (4 events):
Event: 3.886 Thread 0x00000000027d1000 Uncommon trap: reason=bimorphic action=maybe_recompile pc=0x0000000002ada1d4 method=java.util.HashMap.getNode(ILjava/lang/Object;)Ljava/util/HashMap$Node; @ 126
Event: 3.886 Thread 0x00000000027d1000 Uncommon trap: reason=bimorphic action=maybe_recompile pc=0x0000000002ada1d4 method=java.util.HashMap.getNode(ILjava/lang/Object;)Ljava/util/HashMap$Node; @ 126
Event: 3.887 Thread 0x00000000027d1000 Uncommon trap: reason=bimorphic action=maybe_recompile pc=0x0000000002ada1d4 method=java.util.HashMap.getNode(ILjava/lang/Object;)Ljava/util/HashMap$Node; @ 126
Event: 3.888 Thread 0x00000000027d1000 Uncommon trap: reason=bimorphic action=maybe_recompile pc=0x0000000002ada1d4 method=java.util.HashMap.getNode(ILjava/lang/Object;)Ljava/util/HashMap$Node; @ 126

Internal exceptions (10 events):
Event: 5.824 Thread 0x0000000018a6b800 Exception <a 'sun/java2d/InvalidPipeException': GDIWindowSurfaceData: bounds changed> (0x00000000d9616100) thrown at [D:\re\puppet\workspace\8-2-build-windows-amd64-cygwin\jdk8u73\6086\hotspot\src\share\vm\prims\jni.cpp, line 735]
Event: 5.824 Thread 0x00000000027d1000 Exception <a 'org/opencv/core/CvException': cv::Exception: ..\..\..\..\opencv\modules\core\src\alloc.cpp:52: error: (-4) Failed to allocate 921604 bytes in function cv::OutOfMemoryError
> (0x00000000d9cdc660) thrown at [D:\re\puppet\workspace\8-2-build-winýƒããÍ%@
Event: 10.902 Thread 0x0000000018a6b800 Exception <a 'sun/java2d/InvalidPipeException': GDIWindowSurfaceData: bounds changed> (0x00000000d9633650) thrown at [D:\re\puppet\workspace\8-2-build-windows-amd64-cygwin\jdk8u73\6086\hotspot\src\share\vm\prims\jni.cpp, line 735]
Event: 10.902 Thread 0x0000000018a6b800 Exception <a 'sun/java2d/InvalidPipeException': GDIWindowSurfaceData: bounds changed> (0x00000000d9633ab0) thrown at [D:\re\puppet\workspace\8-2-build-windows-amd64-cygwin\jdk8u73\6086\hotspot\src\share\vm\prims\jni.cpp, line 735]
Event: 10.929 Thread 0x0000000018a6b800 Exception <a 'sun/java2d/InvalidPipeException': GDIWindowSurfaceData: bounds changed> (0x00000000d9635170) thrown at [D:\re\puppet\workspace\8-2-build-windows-amd64-cygwin\jdk8u73\6086\hotspot\src\share\vm\prims\jni.cpp, line 735]
Event: 10.929 Thread 0x0000000018a6b800 Exception <a 'sun/java2d/InvalidPipeException': GDIWindowSurfaceData: bounds changed> (0x00000000d96355d0) thrown at [D:\re\puppet\workspace\8-2-build-windows-amd64-cygwin\jdk8u73\6086\hotspot\src\share\vm\prims\jni.cpp, line 735]
Event: 11.287 Thread 0x0000000018a6b800 Exception <a 'sun/java2d/InvalidPipeException': GDIWindowSurfaceData: bounds changed> (0x00000000d9639358) thrown at [D:\re\puppet\workspace\8-2-build-windows-amd64-cygwin\jdk8u73\6086\hotspot\src\share\vm\prims\jni.cpp, line 735]
Event: 11.287 Thread 0x0000000018a6b800 Exception <a 'sun/java2d/InvalidPipeException': GDIWindowSurfaceData: bounds changed> (0x00000000d96397b8) thrown at [D:\re\puppet\workspace\8-2-build-windows-amd64-cygwin\jdk8u73\6086\hotspot\src\share\vm\prims\jni.cpp, line 735]
Event: 11.296 Thread 0x0000000018a6b800 Exception <a 'sun/java2d/InvalidPipeException': GDIWindowSurfaceData: bounds changed> (0x00000000d963abd0) thrown at [D:\re\puppet\workspace\8-2-build-windows-amd64-cygwin\jdk8u73\6086\hotspot\src\share\vm\prims\jni.cpp, line 735]
Event: 11.296 Thread 0x0000000018a6b800 Exception <a 'sun/java2d/InvalidPipeException': GDIWindowSurfaceData: bounds changed> (0x00000000d963b030) thrown at [D:\re\puppet\workspace\8-2-build-windows-amd64-cygwin\jdk8u73\6086\hotspot\src\share\vm\prims\jni.cpp, line 735]

Events (10 events):
Event: 5.471 loading class java/awt/LightweightDispatcher$2
Event: 5.471 loading class java/awt/LightweightDispatcher$2 done
Event: 5.821 loading class org/opencv/core/CvException
Event: 5.821 loading class org/opencv/core/CvException done
Event: 5.827 loading class java/lang/Throwable$WrappedPrintStream
Event: 5.827 loading class java/lang/Throwable$PrintStreamOrWriter
Event: 5.827 loading class java/lang/Throwable$PrintStreamOrWriter done
Event: 5.827 loading class java/lang/Throwable$WrappedPrintStream done
Event: 5.830 Thread 0x00000000027d1000 Thread exited: 0x00000000027d1000
Event: 5.830 Thread 0x00000000027d1000 Thread added: 0x00000000027d1000


Dynamic libraries:
0x00007ff660400000 - 0x00007ff660437000 	C:\Program Files\Java\jre1.8.0_73\bin\javaw.exe
0x00007ffbf48a0000 - 0x00007ffbf4a61000 	C:\WINDOWS\SYSTEM32\ntdll.dll
0x00007ffbf2080000 - 0x00007ffbf212d000 	C:\WINDOWS\system32\KERNEL32.DLL
0x00007ffbf11f0000 - 0x00007ffbf13d8000 	C:\WINDOWS\system32\KERNELBASE.dll
0x00007ffbf3eb0000 - 0x00007ffbf3f57000 	C:\WINDOWS\system32\ADVAPI32.dll
0x00007ffbf40a0000 - 0x00007ffbf413d000 	C:\WINDOWS\system32\msvcrt.dll
0x00007ffbf4440000 - 0x00007ffbf449b000 	C:\WINDOWS\system32\sechost.dll
0x00007ffbf44a0000 - 0x00007ffbf45bc000 	C:\WINDOWS\system32\RPCRT4.dll
0x00007ffbf3740000 - 0x00007ffbf3896000 	C:\WINDOWS\system32\USER32.dll
0x00007ffbf4600000 - 0x00007ffbf4786000 	C:\WINDOWS\system32\GDI32.dll
0x00007ffbe6980000 - 0x00007ffbe6bf4000 	C:\WINDOWS\WinSxS\amd64_microsoft.windows.common-controls_6595b64144ccf1df_6.0.10586.494_none_a2d8b04ea53e3145\COMCTL32.dll
0x00007ffbf1e00000 - 0x00007ffbf207d000 	C:\WINDOWS\system32\combase.dll
0x00007ffbf0f50000 - 0x00007ffbf0fba000 	C:\WINDOWS\system32\bcryptPrimitives.dll
0x00007ffbf45c0000 - 0x00007ffbf45fb000 	C:\WINDOWS\system32\IMM32.DLL
0x0000000074930000 - 0x0000000074a02000 	C:\Program Files\Java\jre1.8.0_73\bin\msvcr100.dll
0x0000000074df0000 - 0x0000000075680000 	C:\Program Files\Java\jre1.8.0_73\bin\server\jvm.dll
0x00007ffbf38a0000 - 0x00007ffbf38a8000 	C:\WINDOWS\system32\PSAPI.DLL
0x00007ffbe1560000 - 0x00007ffbe1569000 	C:\WINDOWS\SYSTEM32\WSOCK32.dll
0x00007ffbf4150000 - 0x00007ffbf41bb000 	C:\WINDOWS\system32\WS2_32.dll
0x00007ffbef140000 - 0x00007ffbef163000 	C:\WINDOWS\SYSTEM32\WINMM.dll
0x00007ffbee1c0000 - 0x00007ffbee1ca000 	C:\WINDOWS\SYSTEM32\VERSION.dll
0x00007ffbef0e0000 - 0x00007ffbef10c000 	C:\WINDOWS\SYSTEM32\WINMMBASE.dll
0x00007ffbf1c50000 - 0x00007ffbf1c93000 	C:\WINDOWS\system32\cfgmgr32.dll
0x0000000074de0000 - 0x0000000074def000 	C:\Program Files\Java\jre1.8.0_73\bin\verify.dll
0x0000000074db0000 - 0x0000000074dd9000 	C:\Program Files\Java\jre1.8.0_73\bin\java.dll
0x0000000074d90000 - 0x0000000074da6000 	C:\Program Files\Java\jre1.8.0_73\bin\zip.dll
0x00007ffbf2130000 - 0x00007ffbf368c000 	C:\WINDOWS\system32\SHELL32.dll
0x00007ffbf1550000 - 0x00007ffbf1b95000 	C:\WINDOWS\system32\windows.storage.dll
0x00007ffbf4040000 - 0x00007ffbf4092000 	C:\WINDOWS\system32\shlwapi.dll
0x00007ffbf0ee0000 - 0x00007ffbf0eef000 	C:\WINDOWS\system32\kernel.appcore.dll
0x00007ffbf13e0000 - 0x00007ffbf1495000 	C:\WINDOWS\system32\shcore.dll
0x00007ffbf0f00000 - 0x00007ffbf0f4b000 	C:\WINDOWS\system32\powrprof.dll
0x00007ffbf0ec0000 - 0x00007ffbf0ed4000 	C:\WINDOWS\system32\profapi.dll
0x0000000074790000 - 0x0000000074928000 	C:\Program Files\Java\jre1.8.0_73\bin\awt.dll
0x00007ffbf41c0000 - 0x00007ffbf4281000 	C:\WINDOWS\system32\OLEAUT32.dll
0x00007ffbef6b0000 - 0x00007ffbef729000 	C:\WINDOWS\system32\apphelp.dll
0x00007ffbeee50000 - 0x00007ffbeee72000 	C:\WINDOWS\system32\DWMAPI.DLL
0x00007ffbef840000 - 0x00007ffbef8d6000 	C:\WINDOWS\system32\uxtheme.dll
0x00007ffbf1ca0000 - 0x00007ffbf1dfa000 	C:\WINDOWS\system32\MSCTF.dll
0x00007ffbf3d00000 - 0x00007ffbf3e43000 	C:\WINDOWS\system32\ole32.dll
0x00007ffbce5f0000 - 0x00007ffbce800000 	C:\WINDOWS\system32\d3d9.dll
0x00007ffbbfc10000 - 0x00007ffbc05e5000 	C:\opencv\build\java\x64\opencv_java2413.dll
0x00007ffbe1250000 - 0x00007ffbe1270000 	C:\WINDOWS\SYSTEM32\AVIFIL32.dll
0x00007ffbe1170000 - 0x00007ffbe1199000 	C:\WINDOWS\SYSTEM32\MSVFW32.dll
0x00007ffbe1120000 - 0x00007ffbe1138000 	C:\WINDOWS\SYSTEM32\AVICAP32.dll
0x00007ffbe0dd0000 - 0x00007ffbe0dec000 	C:\WINDOWS\SYSTEM32\MSACM32.dll
0x0000000074740000 - 0x0000000074787000 	C:\Program Files\Java\jre1.8.0_73\bin\fontmanager.dll
0x0000000074d70000 - 0x0000000074d8a000 	C:\Program Files\Java\jre1.8.0_73\bin\net.dll
0x00007ffbf0790000 - 0x00007ffbf07ec000 	C:\WINDOWS\system32\mswsock.dll
0x0000000074d50000 - 0x0000000074d61000 	C:\Program Files\Java\jre1.8.0_73\bin\nio.dll
0x00000000746f0000 - 0x0000000074732000 	C:\Program Files\Java\jre1.8.0_73\bin\t2k.dll
0x00007ffbf3690000 - 0x00007ffbf3737000 	C:\WINDOWS\system32\clbcatq.dll
0x00007ffbe3c70000 - 0x00007ffbe3c88000 	C:\Windows\System32\devenum.dll
0x00007ffbf38d0000 - 0x00007ffbf3cf9000 	C:\WINDOWS\system32\setupapi.dll
0x00007ffbf03b0000 - 0x00007ffbf03e1000 	C:\WINDOWS\SYSTEM32\ntmarta.dll
0x00007ffbef8e0000 - 0x00007ffbef907000 	C:\WINDOWS\SYSTEM32\DEVOBJ.dll
0x00007ffbf1190000 - 0x00007ffbf11e5000 	C:\WINDOWS\system32\WINTRUST.dll
0x00007ffbf0ef0000 - 0x00007ffbf0f00000 	C:\WINDOWS\system32\MSASN1.dll
0x00007ffbf0fc0000 - 0x00007ffbf1188000 	C:\WINDOWS\system32\CRYPT32.dll
0x00007ffbe3c60000 - 0x00007ffbe3c6a000 	C:\WINDOWS\SYSTEM32\msdmo.dll
0x00007ffbe0250000 - 0x00007ffbe0284000 	C:\Windows\System32\qcap.dll
0x00007ffbc7d60000 - 0x00007ffbc7f2e000 	C:\Windows\System32\quartz.dll
0x00007ffbf0960000 - 0x00007ffbf096b000 	C:\Windows\System32\CRYPTBASE.dll
0x00007ffbf0df0000 - 0x00007ffbf0e19000 	C:\Windows\System32\bcrypt.dll
0x00007ffbe0290000 - 0x00007ffbe033a000 	C:\Program Files\Microsoft LifeCam\DriverComponents\LcProxy2.ax
0x00007ffbe7090000 - 0x00007ffbe70df000 	C:\WINDOWS\SYSTEM32\ksproxy.ax
0x00007ffbe6040000 - 0x00007ffbe6047000 	C:\WINDOWS\SYSTEM32\MSIMG32.dll
0x00007ffbef090000 - 0x00007ffbef098000 	C:\WINDOWS\SYSTEM32\ksuser.dll
0x00007ffbe8980000 - 0x00007ffbe898e000 	C:\Windows\System32\vidcap.ax
0x00007ffbe07d0000 - 0x00007ffbe07f7000 	C:\Windows\System32\kswdmcap.ax
0x00007ffbc7f30000 - 0x00007ffbc80a0000 	C:\Windows\System32\MFC42.dll
0x00007ffbd4e40000 - 0x00007ffbd4ef0000 	C:\Windows\System32\ODBC32.dll
0x00007ffbf0510000 - 0x00007ffbf051a000 	C:\Windows\System32\DPAPI.dll
0x00007ffbdb8b0000 - 0x00007ffbdb9c3000 	C:\Program Files\Microsoft LifeCam\DriverComponents\CAL2.dll
0x00007ffbd3f90000 - 0x00007ffbd4064000 	C:\WINDOWS\SYSTEM32\MSVCR110.dll
0x00007ffbceed0000 - 0x00007ffbcef60000 	C:\WINDOWS\SYSTEM32\MF.dll
0x00007ffbe6550000 - 0x00007ffbe665d000 	C:\WINDOWS\SYSTEM32\MFPlat.DLL
0x00007ffbd3de0000 - 0x00007ffbd3e87000 	C:\WINDOWS\SYSTEM32\MSVCP110.dll
0x00007ffbc81e0000 - 0x00007ffbc844a000 	C:\WINDOWS\SYSTEM32\MFCORE.DLL
0x00007ffbe64d0000 - 0x00007ffbe64fb000 	C:\WINDOWS\SYSTEM32\RTWorkQ.DLL
0x00007ffbe7cf0000 - 0x00007ffbe7f6a000 	C:\WINDOWS\SYSTEM32\msxml6.dll
0x00007ffbdfeb0000 - 0x00007ffbdff17000 	C:\WINDOWS\system32\WinSATAPI.dll
0x00007ffbeeaf0000 - 0x00007ffbeeb92000 	C:\WINDOWS\system32\dxgi.dll
0x00007ffbe59f0000 - 0x00007ffbe5b98000 	C:\WINDOWS\WinSxS\amd64_microsoft.windows.gdiplus_6595b64144ccf1df_1.1.10586.545_none_d3c4a617ffcfbffc\gdiplus.dll
0x00007ffbdff40000 - 0x00007ffbe00f7000 	C:\WINDOWS\SYSTEM32\urlmon.dll
0x00007ffbe9820000 - 0x00007ffbe9ba4000 	C:\WINDOWS\SYSTEM32\iertutil.dll
0x00007ffbdf130000 - 0x00007ffbdf41b000 	C:\WINDOWS\SYSTEM32\wininet.dll
0x00007ffbeeea0000 - 0x00007ffbef026000 	C:\WINDOWS\SYSTEM32\PROPSYS.dll
0x00007ffbd6a00000 - 0x00007ffbd6aab000 	C:\Windows\System32\qedit.dll
0x00007ffbf4790000 - 0x00007ffbf489b000 	C:\WINDOWS\system32\COMDLG32.dll
0x00007ffbf1bc0000 - 0x00007ffbf1c46000 	C:\WINDOWS\system32\FirewallAPI.dll
0x00007ffbf1ba0000 - 0x00007ffbf1bb7000 	C:\WINDOWS\system32\NETAPI32.dll
0x00007ffbe6030000 - 0x00007ffbe603c000 	C:\Windows\System32\DAVHLPR.DLL
0x00007ffbefc40000 - 0x00007ffbefc72000 	C:\WINDOWS\system32\fwbase.dll
0x00007ffbd3e90000 - 0x00007ffbd3f8a000 	C:\Windows\System32\DDRAW.dll
0x00007ffbe6440000 - 0x00007ffbe6448000 	C:\Windows\System32\DCIMAN32.dll
0x00007ffbe7520000 - 0x00007ffbe752c000 	C:\WINDOWS\SYSTEM32\msyuv.dll
0x00007ffbddf10000 - 0x00007ffbddf8d000 	C:\Program Files\Microsoft LifeCam\DriverComponents\ViperRT.dll
0x00007ffbe7840000 - 0x00007ffbe7b7a000 	C:\WINDOWS\SYSTEM32\msi.dll
0x00000000198f0000 - 0x00000000198f3000 	C:\Program Files (x86)\Microsoft LifeCam\DriverComponents\VPUGraph.dll
0x00007ffbdba30000 - 0x00007ffbdba88000 	C:\Program Files\Microsoft LifeCam\DriverComponents\Transcoder.dll
0x00007ffbd69a0000 - 0x00007ffbd69f6000 	C:\Program Files\Microsoft LifeCam\DriverComponents\VisualFx.dll
0x00007ffbd02c0000 - 0x00007ffbd0315000 	C:\Program Files\Microsoft LifeCam\DriverComponents\Denoiser.dll
0x00007ffbd0250000 - 0x00007ffbd02bd000 	C:\Program Files\Microsoft LifeCam\DriverComponents\CinVPU.dll
0x00007ffbd00e0000 - 0x00007ffbd012c000 	C:\Program Files\Microsoft LifeCam\DriverComponents\DownSampler.dll
0x00007ffbd0090000 - 0x00007ffbd00d9000 	C:\Program Files\Microsoft LifeCam\DriverComponents\Requester.dll
0x00007ffbed490000 - 0x00007ffbed4db000 	C:\Windows\System32\deviceaccess.dll
0x00007ffbee670000 - 0x00007ffbee6c5000 	C:\WINDOWS\SYSTEM32\policymanager.dll
0x00007ffbee5d0000 - 0x00007ffbee662000 	C:\WINDOWS\SYSTEM32\msvcp110_win.dll
0x00007ffbc7910000 - 0x00007ffbc79f2000 	C:\Program Files\Microsoft LifeCam\DriverComponents\FaceDetectorDLL.dll
0x00007ffbee930000 - 0x00007ffbeeae1000 	C:\WINDOWS\SYSTEM32\WindowsCodecs.dll
0x00007ffbde560000 - 0x00007ffbde5aa000 	C:\WINDOWS\system32\dataexchange.dll
0x00007ffbef2c0000 - 0x00007ffbef3a3000 	C:\WINDOWS\system32\dcomp.dll
0x00007ffbeeba0000 - 0x00007ffbeee48000 	C:\WINDOWS\system32\d3d11.dll
0x00007ffbef9e0000 - 0x00007ffbefae0000 	C:\WINDOWS\system32\twinapi.appcore.dll
0x00007ffbf0840000 - 0x00007ffbf0857000 	C:\WINDOWS\SYSTEM32\CRYPTSP.dll
0x00007ffbf04d0000 - 0x00007ffbf0504000 	C:\WINDOWS\system32\rsaenh.dll
0x00007ffbf0620000 - 0x00007ffbf063f000 	C:\WINDOWS\SYSTEM32\USERENV.dll
0x00007ffbe8ff0000 - 0x00007ffbe9028000 	C:\WINDOWS\SYSTEM32\IPHLPAPI.DLL
0x00007ffbf4140000 - 0x00007ffbf4148000 	C:\WINDOWS\system32\NSI.dll
0x00007ffbe74d0000 - 0x00007ffbe74e6000 	C:\WINDOWS\SYSTEM32\dhcpcsvc6.DLL
0x00007ffbe80d0000 - 0x00007ffbe80ea000 	C:\WINDOWS\SYSTEM32\dhcpcsvc.DLL
0x00000000746b0000 - 0x00000000746e1000 	C:\Program Files\Java\jre1.8.0_73\bin\jpeg.dll

VM Arguments:
jvm_args: -Djava.library.path=C:\opencv\build\java\x64 -Dfile.encoding=Cp1252 
java_command: visionTestProgram.Main
java_class_path (initial): C:\opencv\build\java\opencv-2413.jar;C:\Users\Alexander the geek\git\Test-of-Vision-Gui\TestVision\bin
Launcher Type: SUN_STANDARD

Environment Variables:
PATH=C:/Program Files/Java/jre1.8.0_73/bin/server;C:/Program Files/Java/jre1.8.0_73/bin;C:/Program Files/Java/jre1.8.0_73/lib/amd64;C:\ProgramData\Oracle\Java\javapath;C:\Program Files (x86)\NVIDIA Corporation\PhysX\Common;C:\WINDOWS\system32;C:\WINDOWS;C:\WINDOWS\System32\Wbem;C:\WINDOWS\System32\WindowsPowerShell\v1.0\;C:\Program Files (x86)\IVI Foundation\VISA\WinNT\Bin\;C:\Program Files\IVI Foundation\VISA\Win64\Bin\;C:\Program Files (x86)\IVI Foundation\VISA\WinNT\Bin;C:\frc\bin;C:\Program Files (x86)\Brackets\command;C:\Users\Alexander the geek\AppData\Local\Programs\Python\Python35\Scripts\;C:\Users\Alexander the geek\AppData\Local\Programs\Python\Python35\;C:\Users\Alexander the geek\AppData\Local\Programs\Python\Launcher\;C:\Users\Alexander the geek\Desktop;
USERNAME=Alexander the geek
OS=Windows_NT
PROCESSOR_IDENTIFIER=AMD64 Family 22 Model 0 Stepping 1, AuthenticAMD



---------------  S Y S T E M  ---------------

OS: Windows 10.0 , 64 bit Build 10586 (10.0.10586.0)

CPU:total 4 (4 cores per cpu, 1 threads per core) family 22 model 0 stepping 1, cmov, cx8, fxsr, mmx, sse, sse2, sse3, ssse3, sse4.1, sse4.2, popcnt, avx, aes, clmul, mmxext, 3dnowpref, lzcnt, sse4a, tsc, tscinvbit, tscinv, bmi1

Memory: 4k page, physical 7628528k(1524716k free), swap 14861736k(7276k free)

vm_info: Java HotSpot(TM) 64-Bit Server VM (25.73-b02) for windows-amd64 JRE (1.8.0_73-b02), built on Jan 29 2016 17:38:49 by "java_re" with MS VC++ 10.0 (VS2010)

time: Sat Aug 27 22:42:52 2016
elapsed time: 18 seconds (0d 0h 0m 18s)

